{"C:\\Users\\admin\\Desktop\\StadiumPulse\\src\\components\\IncidentItem.jsx": {"path":"C:\\Users\\admin\\Desktop\\StadiumPulse\\src\\components\\IncidentItem.jsx","statementMap":{"0":{"start":{"line":3,"column":13},"end":{"line":125,"column":null}},"1":{"start":{"line":4,"column":25},"end":{"line":7,"column":null}},"2":{"start":{"line":9,"column":24},"end":{"line":42,"column":null}},"3":{"start":{"line":44,"column":8},"end":{"line":50,"column":null}},"4":{"start":{"line":45,"column":17},"end":{"line":45,"column":null}},"5":{"start":{"line":46,"column":17},"end":{"line":46,"column":null}},"6":{"start":{"line":47,"column":17},"end":{"line":47,"column":null}},"7":{"start":{"line":48,"column":4},"end":{"line":48,"column":null}},"8":{"start":{"line":48,"column":18},"end":{"line":48,"column":null}},"9":{"start":{"line":49,"column":4},"end":{"line":49,"column":null}},"10":{"start":{"line":52,"column":2},"end":{"line":123,"column":null}},"11":{"start":{"line":103,"column":27},"end":{"line":103,"column":null}},"12":{"start":{"line":111,"column":25},"end":{"line":111,"column":null}}},"fnMap":{"0":{"name":"(anonymous_0)","decl":{"start":{"line":3,"column":13},"end":{"line":3,"column":29}},"loc":{"start":{"line":3,"column":72},"end":{"line":125,"column":null}},"line":3},"1":{"name":"(anonymous_1)","decl":{"start":{"line":44,"column":8},"end":{"line":44,"column":19}},"loc":{"start":{"line":44,"column":33},"end":{"line":50,"column":null}},"line":44},"2":{"name":"(anonymous_2)","decl":{"start":{"line":103,"column":12},"end":{"line":103,"column":27}},"loc":{"start":{"line":103,"column":27},"end":{"line":103,"column":null}},"line":103},"3":{"name":"(anonymous_3)","decl":{"start":{"line":111,"column":10},"end":{"line":111,"column":25}},"loc":{"start":{"line":111,"column":25},"end":{"line":111,"column":null}},"line":111}},"branchMap":{"0":{"loc":{"start":{"line":48,"column":4},"end":{"line":48,"column":null}},"type":"if","locations":[{"start":{"line":48,"column":4},"end":{"line":48,"column":null}},{"start":{},"end":{}}],"line":48},"1":{"loc":{"start":{"line":54,"column":133},"end":{"line":54,"column":null}},"type":"cond-expr","locations":[{"start":{"line":54,"column":157},"end":{"line":54,"column":172}},{"start":{"line":54,"column":172},"end":{"line":54,"column":null}}],"line":54},"2":{"loc":{"start":{"line":67,"column":16},"end":{"line":69,"column":null}},"type":"cond-expr","locations":[{"start":{"line":68,"column":20},"end":{"line":68,"column":null}},{"start":{"line":69,"column":20},"end":{"line":69,"column":null}}],"line":67},"3":{"loc":{"start":{"line":101,"column":9},"end":{"line":110,"column":9}},"type":"binary-expr","locations":[{"start":{"line":101,"column":9},"end":{"line":101,"column":null}},{"start":{"line":102,"column":10},"end":{"line":110,"column":9}}],"line":101},"4":{"loc":{"start":{"line":112,"column":25},"end":{"line":112,"column":71}},"type":"cond-expr","locations":[{"start":{"line":112,"column":49},"end":{"line":112,"column":61}},{"start":{"line":112,"column":61},"end":{"line":112,"column":71}}],"line":112},"5":{"loc":{"start":{"line":115,"column":11},"end":{"line":115,"column":null}},"type":"cond-expr","locations":[{"start":{"line":115,"column":35},"end":{"line":115,"column":47}},{"start":{"line":115,"column":47},"end":{"line":115,"column":null}}],"line":115},"6":{"loc":{"start":{"line":120,"column":7},"end":{"line":121,"column":null}},"type":"binary-expr","locations":[{"start":{"line":120,"column":7},"end":{"line":120,"column":33}},{"start":{"line":120,"column":33},"end":{"line":120,"column":null}},{"start":{"line":121,"column":8},"end":{"line":121,"column":null}}],"line":120}},"s":{"0":2,"1":1,"2":1,"3":1,"4":1,"5":1,"6":1,"7":1,"8":0,"9":1,"10":1,"11":0,"12":0},"f":{"0":1,"1":1,"2":0,"3":0},"b":{"0":[0,1],"1":[0,1],"2":[1,0],"3":[1,1],"4":[0,1],"5":[0,1],"6":[1,1,1]},"meta":{"lastBranch":7,"lastFunction":4,"lastStatement":13,"seen":{"s:3:13:125:Infinity":0,"f:3:13:3:29":0,"s:4:25:7:Infinity":1,"s:9:24:42:Infinity":2,"s:44:8:50:Infinity":3,"f:44:8:44:19":1,"s:45:17:45:Infinity":4,"s:46:17:46:Infinity":5,"s:47:17:47:Infinity":6,"b:48:4:48:Infinity:undefined:undefined:undefined:undefined":0,"s:48:4:48:Infinity":7,"s:48:18:48:Infinity":8,"s:49:4:49:Infinity":9,"s:52:2:123:Infinity":10,"b:54:157:54:172:54:172:54:Infinity":1,"b:68:20:68:Infinity:69:20:69:Infinity":2,"b:101:9:101:Infinity:102:10:110:9":3,"f:103:12:103:27":2,"s:103:27:103:Infinity":11,"f:111:10:111:25":3,"s:111:25:111:Infinity":12,"b:112:49:112:61:112:61:112:71":4,"b:115:35:115:47:115:47:115:Infinity":5,"b:120:7:120:33:120:33:120:Infinity:121:8:121:Infinity":6},"fnNames":{}}}
,"C:\\Users\\admin\\Desktop\\StadiumPulse\\src\\components\\MetricCard.jsx": {"path":"C:\\Users\\admin\\Desktop\\StadiumPulse\\src\\components\\MetricCard.jsx","statementMap":{"0":{"start":{"line":4,"column":13},"end":{"line":170,"column":null}},"1":{"start":{"line":5,"column":41},"end":{"line":5,"column":null}},"2":{"start":{"line":7,"column":20},"end":{"line":7,"column":null}},"3":{"start":{"line":8,"column":21},"end":{"line":8,"column":null}},"4":{"start":{"line":9,"column":20},"end":{"line":9,"column":null}},"5":{"start":{"line":10,"column":21},"end":{"line":10,"column":null}},"6":{"start":{"line":12,"column":28},"end":{"line":12,"column":null}},"7":{"start":{"line":12,"column":52},"end":{"line":12,"column":91}},"8":{"start":{"line":14,"column":8},"end":{"line":18,"column":null}},"9":{"start":{"line":15,"column":4},"end":{"line":15,"column":null}},"10":{"start":{"line":15,"column":20},"end":{"line":15,"column":null}},"11":{"start":{"line":16,"column":4},"end":{"line":16,"column":null}},"12":{"start":{"line":16,"column":19},"end":{"line":16,"column":null}},"13":{"start":{"line":17,"column":4},"end":{"line":17,"column":null}},"14":{"start":{"line":20,"column":8},"end":{"line":24,"column":null}},"15":{"start":{"line":21,"column":4},"end":{"line":21,"column":null}},"16":{"start":{"line":21,"column":20},"end":{"line":21,"column":null}},"17":{"start":{"line":22,"column":4},"end":{"line":22,"column":null}},"18":{"start":{"line":22,"column":19},"end":{"line":22,"column":null}},"19":{"start":{"line":23,"column":4},"end":{"line":23,"column":null}},"20":{"start":{"line":26,"column":8},"end":{"line":32,"column":null}},"21":{"start":{"line":27,"column":4},"end":{"line":27,"column":null}},"22":{"start":{"line":27,"column":19},"end":{"line":27,"column":null}},"23":{"start":{"line":28,"column":4},"end":{"line":28,"column":null}},"24":{"start":{"line":28,"column":27},"end":{"line":28,"column":null}},"25":{"start":{"line":29,"column":4},"end":{"line":29,"column":null}},"26":{"start":{"line":29,"column":20},"end":{"line":29,"column":null}},"27":{"start":{"line":30,"column":4},"end":{"line":30,"column":null}},"28":{"start":{"line":30,"column":19},"end":{"line":30,"column":null}},"29":{"start":{"line":31,"column":4},"end":{"line":31,"column":null}},"30":{"start":{"line":34,"column":8},"end":{"line":38,"column":null}},"31":{"start":{"line":35,"column":4},"end":{"line":35,"column":null}},"32":{"start":{"line":35,"column":20},"end":{"line":35,"column":null}},"33":{"start":{"line":36,"column":4},"end":{"line":36,"column":null}},"34":{"start":{"line":36,"column":19},"end":{"line":36,"column":null}},"35":{"start":{"line":37,"column":4},"end":{"line":37,"column":null}},"36":{"start":{"line":40,"column":8},"end":{"line":44,"column":null}},"37":{"start":{"line":41,"column":4},"end":{"line":41,"column":null}},"38":{"start":{"line":41,"column":20},"end":{"line":41,"column":null}},"39":{"start":{"line":42,"column":4},"end":{"line":42,"column":null}},"40":{"start":{"line":42,"column":19},"end":{"line":42,"column":null}},"41":{"start":{"line":43,"column":4},"end":{"line":43,"column":null}},"42":{"start":{"line":46,"column":23},"end":{"line":59,"column":null}},"43":{"start":{"line":60,"column":19},"end":{"line":60,"column":null}},"44":{"start":{"line":62,"column":2},"end":{"line":168,"column":null}}},"fnMap":{"0":{"name":"(anonymous_0)","decl":{"start":{"line":4,"column":13},"end":{"line":4,"column":27}},"loc":{"start":{"line":4,"column":40},"end":{"line":170,"column":null}},"line":4},"1":{"name":"(anonymous_1)","decl":{"start":{"line":12,"column":38},"end":{"line":12,"column":44}},"loc":{"start":{"line":12,"column":52},"end":{"line":12,"column":91}},"line":12},"2":{"name":"(anonymous_2)","decl":{"start":{"line":14,"column":8},"end":{"line":14,"column":34}},"loc":{"start":{"line":14,"column":34},"end":{"line":18,"column":null}},"line":14},"3":{"name":"(anonymous_3)","decl":{"start":{"line":20,"column":8},"end":{"line":20,"column":38}},"loc":{"start":{"line":20,"column":38},"end":{"line":24,"column":null}},"line":20},"4":{"name":"(anonymous_4)","decl":{"start":{"line":26,"column":8},"end":{"line":26,"column":31}},"loc":{"start":{"line":26,"column":31},"end":{"line":32,"column":null}},"line":26},"5":{"name":"(anonymous_5)","decl":{"start":{"line":34,"column":8},"end":{"line":34,"column":31}},"loc":{"start":{"line":34,"column":31},"end":{"line":38,"column":null}},"line":34},"6":{"name":"(anonymous_6)","decl":{"start":{"line":40,"column":8},"end":{"line":40,"column":31}},"loc":{"start":{"line":40,"column":31},"end":{"line":44,"column":null}},"line":40}},"branchMap":{"0":{"loc":{"start":{"line":12,"column":52},"end":{"line":12,"column":91}},"type":"binary-expr","locations":[{"start":{"line":12,"column":52},"end":{"line":12,"column":78}},{"start":{"line":12,"column":78},"end":{"line":12,"column":91}}],"line":12},"1":{"loc":{"start":{"line":15,"column":4},"end":{"line":15,"column":null}},"type":"if","locations":[{"start":{"line":15,"column":4},"end":{"line":15,"column":null}},{"start":{},"end":{}}],"line":15},"2":{"loc":{"start":{"line":16,"column":4},"end":{"line":16,"column":null}},"type":"if","locations":[{"start":{"line":16,"column":4},"end":{"line":16,"column":null}},{"start":{},"end":{}}],"line":16},"3":{"loc":{"start":{"line":21,"column":4},"end":{"line":21,"column":null}},"type":"if","locations":[{"start":{"line":21,"column":4},"end":{"line":21,"column":null}},{"start":{},"end":{}}],"line":21},"4":{"loc":{"start":{"line":22,"column":4},"end":{"line":22,"column":null}},"type":"if","locations":[{"start":{"line":22,"column":4},"end":{"line":22,"column":null}},{"start":{},"end":{}}],"line":22},"5":{"loc":{"start":{"line":27,"column":4},"end":{"line":27,"column":null}},"type":"if","locations":[{"start":{"line":27,"column":4},"end":{"line":27,"column":null}},{"start":{},"end":{}}],"line":27},"6":{"loc":{"start":{"line":28,"column":4},"end":{"line":28,"column":null}},"type":"if","locations":[{"start":{"line":28,"column":4},"end":{"line":28,"column":null}},{"start":{},"end":{}}],"line":28},"7":{"loc":{"start":{"line":29,"column":4},"end":{"line":29,"column":null}},"type":"if","locations":[{"start":{"line":29,"column":4},"end":{"line":29,"column":null}},{"start":{},"end":{}}],"line":29},"8":{"loc":{"start":{"line":30,"column":4},"end":{"line":30,"column":null}},"type":"if","locations":[{"start":{"line":30,"column":4},"end":{"line":30,"column":null}},{"start":{},"end":{}}],"line":30},"9":{"loc":{"start":{"line":35,"column":4},"end":{"line":35,"column":null}},"type":"if","locations":[{"start":{"line":35,"column":4},"end":{"line":35,"column":null}},{"start":{},"end":{}}],"line":35},"10":{"loc":{"start":{"line":36,"column":4},"end":{"line":36,"column":null}},"type":"if","locations":[{"start":{"line":36,"column":4},"end":{"line":36,"column":null}},{"start":{},"end":{}}],"line":36},"11":{"loc":{"start":{"line":41,"column":4},"end":{"line":41,"column":null}},"type":"if","locations":[{"start":{"line":41,"column":4},"end":{"line":41,"column":null}},{"start":{},"end":{}}],"line":41},"12":{"loc":{"start":{"line":42,"column":4},"end":{"line":42,"column":null}},"type":"if","locations":[{"start":{"line":42,"column":4},"end":{"line":42,"column":null}},{"start":{},"end":{}}],"line":42},"13":{"loc":{"start":{"line":66,"column":8},"end":{"line":66,"column":null}},"type":"cond-expr","locations":[{"start":{"line":66,"column":20},"end":{"line":66,"column":42}},{"start":{"line":66,"column":42},"end":{"line":66,"column":null}}],"line":66},"14":{"loc":{"start":{"line":73,"column":11},"end":{"line":81,"column":null}},"type":"binary-expr","locations":[{"start":{"line":73,"column":11},"end":{"line":73,"column":null}},{"start":{"line":74,"column":12},"end":{"line":81,"column":null}}],"line":73},"15":{"loc":{"start":{"line":113,"column":45},"end":{"line":113,"column":null}},"type":"cond-expr","locations":[{"start":{"line":113,"column":58},"end":{"line":113,"column":75}},{"start":{"line":113,"column":75},"end":{"line":113,"column":null}}],"line":113},"16":{"loc":{"start":{"line":124,"column":72},"end":{"line":124,"column":null}},"type":"cond-expr","locations":[{"start":{"line":124,"column":85},"end":{"line":124,"column":100}},{"start":{"line":124,"column":100},"end":{"line":124,"column":null}}],"line":124},"17":{"loc":{"start":{"line":130,"column":7},"end":{"line":150,"column":null}},"type":"binary-expr","locations":[{"start":{"line":130,"column":7},"end":{"line":130,"column":null}},{"start":{"line":131,"column":8},"end":{"line":150,"column":null}}],"line":130}},"s":{"0":2,"1":2,"2":2,"3":2,"4":2,"5":2,"6":2,"7":0,"8":2,"9":2,"10":0,"11":2,"12":0,"13":2,"14":2,"15":2,"16":0,"17":2,"18":0,"19":2,"20":2,"21":2,"22":1,"23":1,"24":0,"25":1,"26":0,"27":1,"28":0,"29":1,"30":2,"31":2,"32":0,"33":2,"34":0,"35":2,"36":2,"37":2,"38":0,"39":2,"40":0,"41":2,"42":2,"43":2,"44":2},"f":{"0":2,"1":0,"2":2,"3":2,"4":2,"5":2,"6":2},"b":{"0":[0,0],"1":[0,2],"2":[0,2],"3":[0,2],"4":[0,2],"5":[1,1],"6":[0,1],"7":[0,1],"8":[0,1],"9":[0,2],"10":[0,2],"11":[0,2],"12":[0,2],"13":[1,1],"14":[2,2],"15":[0,2],"16":[0,2],"17":[2,0]},"meta":{"lastBranch":18,"lastFunction":7,"lastStatement":45,"seen":{"s:4:13:170:Infinity":0,"f:4:13:4:27":0,"s:5:41:5:Infinity":1,"s:7:20:7:Infinity":2,"s:8:21:8:Infinity":3,"s:9:20:9:Infinity":4,"s:10:21:10:Infinity":5,"s:12:28:12:Infinity":6,"f:12:38:12:44":1,"s:12:52:12:91":7,"b:12:52:12:78:12:78:12:91":0,"s:14:8:18:Infinity":8,"f:14:8:14:34":2,"b:15:4:15:Infinity:undefined:undefined:undefined:undefined":1,"s:15:4:15:Infinity":9,"s:15:20:15:Infinity":10,"b:16:4:16:Infinity:undefined:undefined:undefined:undefined":2,"s:16:4:16:Infinity":11,"s:16:19:16:Infinity":12,"s:17:4:17:Infinity":13,"s:20:8:24:Infinity":14,"f:20:8:20:38":3,"b:21:4:21:Infinity:undefined:undefined:undefined:undefined":3,"s:21:4:21:Infinity":15,"s:21:20:21:Infinity":16,"b:22:4:22:Infinity:undefined:undefined:undefined:undefined":4,"s:22:4:22:Infinity":17,"s:22:19:22:Infinity":18,"s:23:4:23:Infinity":19,"s:26:8:32:Infinity":20,"f:26:8:26:31":4,"b:27:4:27:Infinity:undefined:undefined:undefined:undefined":5,"s:27:4:27:Infinity":21,"s:27:19:27:Infinity":22,"b:28:4:28:Infinity:undefined:undefined:undefined:undefined":6,"s:28:4:28:Infinity":23,"s:28:27:28:Infinity":24,"b:29:4:29:Infinity:undefined:undefined:undefined:undefined":7,"s:29:4:29:Infinity":25,"s:29:20:29:Infinity":26,"b:30:4:30:Infinity:undefined:undefined:undefined:undefined":8,"s:30:4:30:Infinity":27,"s:30:19:30:Infinity":28,"s:31:4:31:Infinity":29,"s:34:8:38:Infinity":30,"f:34:8:34:31":5,"b:35:4:35:Infinity:undefined:undefined:undefined:undefined":9,"s:35:4:35:Infinity":31,"s:35:20:35:Infinity":32,"b:36:4:36:Infinity:undefined:undefined:undefined:undefined":10,"s:36:4:36:Infinity":33,"s:36:19:36:Infinity":34,"s:37:4:37:Infinity":35,"s:40:8:44:Infinity":36,"f:40:8:40:31":6,"b:41:4:41:Infinity:undefined:undefined:undefined:undefined":11,"s:41:4:41:Infinity":37,"s:41:20:41:Infinity":38,"b:42:4:42:Infinity:undefined:undefined:undefined:undefined":12,"s:42:4:42:Infinity":39,"s:42:19:42:Infinity":40,"s:43:4:43:Infinity":41,"s:46:23:59:Infinity":42,"s:60:19:60:Infinity":43,"s:62:2:168:Infinity":44,"b:66:20:66:42:66:42:66:Infinity":13,"b:73:11:73:Infinity:74:12:81:Infinity":14,"b:113:58:113:75:113:75:113:Infinity":15,"b:124:85:124:100:124:100:124:Infinity":16,"b:130:7:130:Infinity:131:8:150:Infinity":17},"fnNames":{}}}
,"C:\\Users\\admin\\Desktop\\StadiumPulse\\src\\components\\RuleEngine.jsx": {"path":"C:\\Users\\admin\\Desktop\\StadiumPulse\\src\\components\\RuleEngine.jsx","statementMap":{"0":{"start":{"line":4,"column":22},"end":{"line":4,"column":null}},"1":{"start":{"line":5,"column":6},"end":{"line":5,"column":null}},"2":{"start":{"line":5,"column":25},"end":{"line":5,"column":null}},"3":{"start":{"line":7,"column":13},"end":{"line":75,"column":null}},"4":{"start":{"line":8,"column":45},"end":{"line":8,"column":null}},"5":{"start":{"line":9,"column":25},"end":{"line":9,"column":null}},"6":{"start":{"line":11,"column":2},"end":{"line":72,"column":null}},"7":{"start":{"line":12,"column":25},"end":{"line":12,"column":null}},"8":{"start":{"line":14,"column":4},"end":{"line":67,"column":null}},"9":{"start":{"line":15,"column":25},"end":{"line":15,"column":null}},"10":{"start":{"line":16,"column":22},"end":{"line":16,"column":null}},"11":{"start":{"line":18,"column":6},"end":{"line":40,"column":null}},"12":{"start":{"line":20,"column":33},"end":{"line":22,"column":null}},"13":{"start":{"line":21,"column":19},"end":{"line":21,"column":null}},"14":{"start":{"line":24,"column":8},"end":{"line":36,"column":null}},"15":{"start":{"line":25,"column":10},"end":{"line":25,"column":null}},"16":{"start":{"line":26,"column":10},"end":{"line":35,"column":null}},"17":{"start":{"line":37,"column":13},"end":{"line":40,"column":null}},"18":{"start":{"line":39,"column":8},"end":{"line":39,"column":null}},"19":{"start":{"line":43,"column":24},"end":{"line":43,"column":null}},"20":{"start":{"line":44,"column":25},"end":{"line":44,"column":null}},"21":{"start":{"line":46,"column":6},"end":{"line":66,"column":null}},"22":{"start":{"line":47,"column":32},"end":{"line":49,"column":null}},"23":{"start":{"line":48,"column":19},"end":{"line":48,"column":null}},"24":{"start":{"line":51,"column":8},"end":{"line":63,"column":null}},"25":{"start":{"line":52,"column":10},"end":{"line":52,"column":null}},"26":{"start":{"line":53,"column":10},"end":{"line":62,"column":null}},"27":{"start":{"line":64,"column":13},"end":{"line":66,"column":null}},"28":{"start":{"line":65,"column":8},"end":{"line":65,"column":null}},"29":{"start":{"line":69,"column":4},"end":{"line":71,"column":null}},"30":{"start":{"line":70,"column":6},"end":{"line":70,"column":null}},"31":{"start":{"line":70,"column":29},"end":{"line":70,"column":55}},"32":{"start":{"line":74,"column":2},"end":{"line":74,"column":null}}},"fnMap":{"0":{"name":"(anonymous_0)","decl":{"start":{"line":5,"column":6},"end":{"line":5,"column":25}},"loc":{"start":{"line":5,"column":25},"end":{"line":5,"column":null}},"line":5},"1":{"name":"(anonymous_1)","decl":{"start":{"line":7,"column":13},"end":{"line":7,"column":32}},"loc":{"start":{"line":7,"column":32},"end":{"line":75,"column":null}},"line":7},"2":{"name":"(anonymous_2)","decl":{"start":{"line":11,"column":2},"end":{"line":11,"column":18}},"loc":{"start":{"line":11,"column":18},"end":{"line":72,"column":5}},"line":11},"3":{"name":"(anonymous_3)","decl":{"start":{"line":14,"column":10},"end":{"line":14,"column":19}},"loc":{"start":{"line":14,"column":28},"end":{"line":67,"column":5}},"line":14},"4":{"name":"(anonymous_4)","decl":{"start":{"line":20,"column":43},"end":{"line":20,"column":null}},"loc":{"start":{"line":21,"column":19},"end":{"line":21,"column":null}},"line":21},"5":{"name":"(anonymous_5)","decl":{"start":{"line":47,"column":42},"end":{"line":47,"column":null}},"loc":{"start":{"line":48,"column":19},"end":{"line":48,"column":null}},"line":48},"6":{"name":"(anonymous_6)","decl":{"start":{"line":70,"column":6},"end":{"line":70,"column":20}},"loc":{"start":{"line":70,"column":29},"end":{"line":70,"column":55}},"line":70}},"branchMap":{"0":{"loc":{"start":{"line":18,"column":6},"end":{"line":40,"column":null}},"type":"if","locations":[{"start":{"line":18,"column":6},"end":{"line":40,"column":null}},{"start":{"line":37,"column":13},"end":{"line":40,"column":null}}],"line":18},"1":{"loc":{"start":{"line":18,"column":10},"end":{"line":18,"column":62}},"type":"binary-expr","locations":[{"start":{"line":18,"column":10},"end":{"line":18,"column":24}},{"start":{"line":18,"column":24},"end":{"line":18,"column":62}}],"line":18},"2":{"loc":{"start":{"line":21,"column":19},"end":{"line":21,"column":null}},"type":"binary-expr","locations":[{"start":{"line":21,"column":19},"end":{"line":21,"column":45}},{"start":{"line":21,"column":45},"end":{"line":21,"column":82}},{"start":{"line":21,"column":82},"end":{"line":21,"column":null}}],"line":21},"3":{"loc":{"start":{"line":24,"column":8},"end":{"line":36,"column":null}},"type":"if","locations":[{"start":{"line":24,"column":8},"end":{"line":36,"column":null}},{"start":{},"end":{}}],"line":24},"4":{"loc":{"start":{"line":37,"column":13},"end":{"line":40,"column":null}},"type":"if","locations":[{"start":{"line":37,"column":13},"end":{"line":40,"column":null}},{"start":{},"end":{}}],"line":37},"5":{"loc":{"start":{"line":43,"column":24},"end":{"line":43,"column":null}},"type":"binary-expr","locations":[{"start":{"line":43,"column":24},"end":{"line":43,"column":47}},{"start":{"line":43,"column":47},"end":{"line":43,"column":null}}],"line":43},"6":{"loc":{"start":{"line":46,"column":6},"end":{"line":66,"column":null}},"type":"if","locations":[{"start":{"line":46,"column":6},"end":{"line":66,"column":null}},{"start":{"line":64,"column":13},"end":{"line":66,"column":null}}],"line":46},"7":{"loc":{"start":{"line":46,"column":10},"end":{"line":46,"column":64}},"type":"binary-expr","locations":[{"start":{"line":46,"column":10},"end":{"line":46,"column":23}},{"start":{"line":46,"column":23},"end":{"line":46,"column":64}}],"line":46},"8":{"loc":{"start":{"line":48,"column":19},"end":{"line":48,"column":null}},"type":"binary-expr","locations":[{"start":{"line":48,"column":19},"end":{"line":48,"column":45}},{"start":{"line":48,"column":45},"end":{"line":48,"column":81}},{"start":{"line":48,"column":81},"end":{"line":48,"column":null}}],"line":48},"9":{"loc":{"start":{"line":51,"column":8},"end":{"line":63,"column":null}},"type":"if","locations":[{"start":{"line":51,"column":8},"end":{"line":63,"column":null}},{"start":{},"end":{}}],"line":51},"10":{"loc":{"start":{"line":64,"column":13},"end":{"line":66,"column":null}},"type":"if","locations":[{"start":{"line":64,"column":13},"end":{"line":66,"column":null}},{"start":{},"end":{}}],"line":64},"11":{"loc":{"start":{"line":69,"column":4},"end":{"line":71,"column":null}},"type":"if","locations":[{"start":{"line":69,"column":4},"end":{"line":71,"column":null}},{"start":{},"end":{}}],"line":69}},"s":{"0":2,"1":2,"2":1,"3":2,"4":2,"5":2,"6":2,"7":2,"8":2,"9":2,"10":2,"11":2,"12":1,"13":0,"14":1,"15":1,"16":1,"17":1,"18":1,"19":2,"20":2,"21":2,"22":0,"23":0,"24":0,"25":0,"26":0,"27":2,"28":2,"29":2,"30":1,"31":0,"32":2},"f":{"0":1,"1":2,"2":2,"3":2,"4":0,"5":0,"6":0},"b":{"0":[1,1],"1":[2,1],"2":[0,0,0],"3":[1,0],"4":[1,0],"5":[2,1],"6":[0,2],"7":[2,0],"8":[0,0,0],"9":[0,0],"10":[2,0],"11":[1,1]},"meta":{"lastBranch":12,"lastFunction":7,"lastStatement":33,"seen":{"s:4:22:4:Infinity":0,"s:5:6:5:Infinity":1,"f:5:6:5:25":0,"s:5:25:5:Infinity":2,"s:7:13:75:Infinity":3,"f:7:13:7:32":1,"s:8:45:8:Infinity":4,"s:9:25:9:Infinity":5,"s:11:2:72:Infinity":6,"f:11:2:11:18":2,"s:12:25:12:Infinity":7,"s:14:4:67:Infinity":8,"f:14:10:14:19":3,"s:15:25:15:Infinity":9,"s:16:22:16:Infinity":10,"b:18:6:40:Infinity:37:13:40:Infinity":0,"s:18:6:40:Infinity":11,"b:18:10:18:24:18:24:18:62":1,"s:20:33:22:Infinity":12,"f:20:43:20:Infinity":4,"s:21:19:21:Infinity":13,"b:21:19:21:45:21:45:21:82:21:82:21:Infinity":2,"b:24:8:36:Infinity:undefined:undefined:undefined:undefined":3,"s:24:8:36:Infinity":14,"s:25:10:25:Infinity":15,"s:26:10:35:Infinity":16,"b:37:13:40:Infinity:undefined:undefined:undefined:undefined":4,"s:37:13:40:Infinity":17,"s:39:8:39:Infinity":18,"s:43:24:43:Infinity":19,"b:43:24:43:47:43:47:43:Infinity":5,"s:44:25:44:Infinity":20,"b:46:6:66:Infinity:64:13:66:Infinity":6,"s:46:6:66:Infinity":21,"b:46:10:46:23:46:23:46:64":7,"s:47:32:49:Infinity":22,"f:47:42:47:Infinity":5,"s:48:19:48:Infinity":23,"b:48:19:48:45:48:45:48:81:48:81:48:Infinity":8,"b:51:8:63:Infinity:undefined:undefined:undefined:undefined":9,"s:51:8:63:Infinity":24,"s:52:10:52:Infinity":25,"s:53:10:62:Infinity":26,"b:64:13:66:Infinity:undefined:undefined:undefined:undefined":10,"s:64:13:66:Infinity":27,"s:65:8:65:Infinity":28,"b:69:4:71:Infinity:undefined:undefined:undefined:undefined":11,"s:69:4:71:Infinity":29,"s:70:6:70:Infinity":30,"f:70:6:70:20":6,"s:70:29:70:55":31,"s:74:2:74:Infinity":32},"fnNames":{}}}
,"C:\\Users\\admin\\Desktop\\StadiumPulse\\src\\context\\StadiumContext.jsx": {"path":"C:\\Users\\admin\\Desktop\\StadiumPulse\\src\\context\\StadiumContext.jsx","statementMap":{"0":{"start":{"line":4,"column":30},"end":{"line":4,"column":44}},"1":{"start":{"line":6,"column":13},"end":{"line":43,"column":null}},"2":{"start":{"line":7,"column":2},"end":{"line":7,"column":null}},"3":{"start":{"line":7,"column":36},"end":{"line":7,"column":null}},"4":{"start":{"line":8,"column":17},"end":{"line":8,"column":null}},"5":{"start":{"line":8,"column":43},"end":{"line":8,"column":68}},"6":{"start":{"line":9,"column":19},"end":{"line":9,"column":null}},"7":{"start":{"line":10,"column":21},"end":{"line":10,"column":null}},"8":{"start":{"line":12,"column":29},"end":{"line":12,"column":null}},"9":{"start":{"line":12,"column":49},"end":{"line":12,"column":65}},"10":{"start":{"line":13,"column":22},"end":{"line":13,"column":null}},"11":{"start":{"line":14,"column":18},"end":{"line":14,"column":null}},"12":{"start":{"line":15,"column":2},"end":{"line":21,"column":null}},"13":{"start":{"line":16,"column":4},"end":{"line":16,"column":null}},"14":{"start":{"line":17,"column":4},"end":{"line":17,"column":null}},"15":{"start":{"line":18,"column":9},"end":{"line":21,"column":null}},"16":{"start":{"line":19,"column":4},"end":{"line":19,"column":null}},"17":{"start":{"line":20,"column":4},"end":{"line":20,"column":null}},"18":{"start":{"line":24,"column":2},"end":{"line":33,"column":null}},"19":{"start":{"line":25,"column":4},"end":{"line":32,"column":null}},"20":{"start":{"line":35,"column":2},"end":{"line":42,"column":null}},"21":{"start":{"line":45,"column":22},"end":{"line":45,"column":null}},"22":{"start":{"line":46,"column":6},"end":{"line":46,"column":null}},"23":{"start":{"line":46,"column":33},"end":{"line":46,"column":null}},"24":{"start":{"line":48,"column":13},"end":{"line":156,"column":null}},"25":{"start":{"line":49,"column":28},"end":{"line":49,"column":null}},"26":{"start":{"line":50,"column":36},"end":{"line":50,"column":null}},"27":{"start":{"line":51,"column":48},"end":{"line":51,"column":null}},"28":{"start":{"line":52,"column":22},"end":{"line":52,"column":null}},"29":{"start":{"line":55,"column":2},"end":{"line":98,"column":null}},"30":{"start":{"line":59,"column":10},"end":{"line":64,"column":null}},"31":{"start":{"line":60,"column":6},"end":{"line":60,"column":null}},"32":{"start":{"line":60,"column":28},"end":{"line":60,"column":null}},"33":{"start":{"line":61,"column":6},"end":{"line":63,"column":null}},"34":{"start":{"line":62,"column":8},"end":{"line":62,"column":null}},"35":{"start":{"line":66,"column":4},"end":{"line":92,"column":null}},"36":{"start":{"line":67,"column":6},"end":{"line":89,"column":null}},"37":{"start":{"line":68,"column":8},"end":{"line":68,"column":null}},"38":{"start":{"line":69,"column":8},"end":{"line":78,"column":null}},"39":{"start":{"line":70,"column":10},"end":{"line":77,"column":null}},"40":{"start":{"line":71,"column":25},"end":{"line":71,"column":null}},"41":{"start":{"line":72,"column":12},"end":{"line":74,"column":null}},"42":{"start":{"line":73,"column":14},"end":{"line":73,"column":null}},"43":{"start":{"line":76,"column":12},"end":{"line":76,"column":null}},"44":{"start":{"line":80,"column":8},"end":{"line":82,"column":null}},"45":{"start":{"line":81,"column":10},"end":{"line":81,"column":null}},"46":{"start":{"line":84,"column":8},"end":{"line":86,"column":null}},"47":{"start":{"line":85,"column":10},"end":{"line":85,"column":null}},"48":{"start":{"line":88,"column":8},"end":{"line":88,"column":null}},"49":{"start":{"line":91,"column":6},"end":{"line":91,"column":null}},"50":{"start":{"line":94,"column":4},"end":{"line":97,"column":null}},"51":{"start":{"line":95,"column":6},"end":{"line":95,"column":null}},"52":{"start":{"line":95,"column":14},"end":{"line":95,"column":null}},"53":{"start":{"line":96,"column":6},"end":{"line":96,"column":null}},"54":{"start":{"line":96,"column":28},"end":{"line":96,"column":null}},"55":{"start":{"line":101,"column":30},"end":{"line":109,"column":null}},"56":{"start":{"line":102,"column":4},"end":{"line":108,"column":null}},"57":{"start":{"line":103,"column":6},"end":{"line":107,"column":null}},"58":{"start":{"line":104,"column":8},"end":{"line":106,"column":null}},"59":{"start":{"line":111,"column":26},"end":{"line":113,"column":null}},"60":{"start":{"line":112,"column":4},"end":{"line":112,"column":null}},"61":{"start":{"line":112,"column":27},"end":{"line":112,"column":70}},"62":{"start":{"line":112,"column":48},"end":{"line":112,"column":69}},"63":{"start":{"line":115,"column":24},"end":{"line":138,"column":null}},"64":{"start":{"line":116,"column":4},"end":{"line":137,"column":null}},"65":{"start":{"line":118,"column":21},"end":{"line":120,"column":null}},"66":{"start":{"line":119,"column":17},"end":{"line":119,"column":null}},"67":{"start":{"line":121,"column":6},"end":{"line":121,"column":null}},"68":{"start":{"line":121,"column":18},"end":{"line":121,"column":null}},"69":{"start":{"line":123,"column":6},"end":{"line":136,"column":null}},"70":{"start":{"line":140,"column":21},"end":{"line":140,"column":null}},"71":{"start":{"line":140,"column":35},"end":{"line":140,"column":62}},"72":{"start":{"line":142,"column":16},"end":{"line":153,"column":null}},"73":{"start":{"line":155,"column":2},"end":{"line":155,"column":null}}},"fnMap":{"0":{"name":"(anonymous_0)","decl":{"start":{"line":6,"column":13},"end":{"line":6,"column":35}},"loc":{"start":{"line":6,"column":45},"end":{"line":43,"column":null}},"line":6},"1":{"name":"(anonymous_1)","decl":{"start":{"line":8,"column":28},"end":{"line":8,"column":34}},"loc":{"start":{"line":8,"column":43},"end":{"line":8,"column":68}},"line":8},"2":{"name":"(anonymous_2)","decl":{"start":{"line":12,"column":35},"end":{"line":12,"column":43}},"loc":{"start":{"line":12,"column":49},"end":{"line":12,"column":65}},"line":12},"3":{"name":"(anonymous_3)","decl":{"start":{"line":46,"column":6},"end":{"line":46,"column":33}},"loc":{"start":{"line":46,"column":33},"end":{"line":46,"column":null}},"line":46},"4":{"name":"(anonymous_4)","decl":{"start":{"line":48,"column":13},"end":{"line":48,"column":32}},"loc":{"start":{"line":48,"column":49},"end":{"line":156,"column":null}},"line":48},"5":{"name":"(anonymous_5)","decl":{"start":{"line":55,"column":2},"end":{"line":55,"column":18}},"loc":{"start":{"line":55,"column":18},"end":{"line":98,"column":5}},"line":55},"6":{"name":"(anonymous_6)","decl":{"start":{"line":59,"column":10},"end":{"line":59,"column":32}},"loc":{"start":{"line":59,"column":32},"end":{"line":64,"column":null}},"line":59},"7":{"name":"(anonymous_7)","decl":{"start":{"line":61,"column":25},"end":{"line":61,"column":43}},"loc":{"start":{"line":61,"column":43},"end":{"line":63,"column":9}},"line":61},"8":{"name":"(anonymous_8)","decl":{"start":{"line":69,"column":11},"end":{"line":69,"column":24}},"loc":{"start":{"line":69,"column":30},"end":{"line":78,"column":null}},"line":69},"9":{"name":"(anonymous_9)","decl":{"start":{"line":80,"column":11},"end":{"line":80,"column":27}},"loc":{"start":{"line":80,"column":27},"end":{"line":82,"column":null}},"line":80},"10":{"name":"(anonymous_10)","decl":{"start":{"line":84,"column":11},"end":{"line":84,"column":27}},"loc":{"start":{"line":84,"column":27},"end":{"line":86,"column":null}},"line":84},"11":{"name":"(anonymous_11)","decl":{"start":{"line":94,"column":4},"end":{"line":94,"column":17}},"loc":{"start":{"line":94,"column":17},"end":{"line":97,"column":null}},"line":94},"12":{"name":"(anonymous_12)","decl":{"start":{"line":101,"column":30},"end":{"line":101,"column":43}},"loc":{"start":{"line":101,"column":58},"end":{"line":109,"column":5}},"line":101},"13":{"name":"(anonymous_13)","decl":{"start":{"line":102,"column":4},"end":{"line":102,"column":18}},"loc":{"start":{"line":103,"column":6},"end":{"line":107,"column":null}},"line":103},"14":{"name":"(anonymous_14)","decl":{"start":{"line":103,"column":11},"end":{"line":103,"column":16}},"loc":{"start":{"line":104,"column":8},"end":{"line":106,"column":null}},"line":104},"15":{"name":"(anonymous_15)","decl":{"start":{"line":111,"column":26},"end":{"line":111,"column":39}},"loc":{"start":{"line":111,"column":54},"end":{"line":113,"column":5}},"line":111},"16":{"name":"(anonymous_16)","decl":{"start":{"line":112,"column":4},"end":{"line":112,"column":18}},"loc":{"start":{"line":112,"column":27},"end":{"line":112,"column":70}},"line":112},"17":{"name":"(anonymous_17)","decl":{"start":{"line":112,"column":32},"end":{"line":112,"column":40}},"loc":{"start":{"line":112,"column":48},"end":{"line":112,"column":69}},"line":112},"18":{"name":"(anonymous_18)","decl":{"start":{"line":115,"column":24},"end":{"line":115,"column":37}},"loc":{"start":{"line":115,"column":77},"end":{"line":138,"column":5}},"line":115},"19":{"name":"(anonymous_19)","decl":{"start":{"line":116,"column":4},"end":{"line":116,"column":18}},"loc":{"start":{"line":116,"column":27},"end":{"line":137,"column":5}},"line":116},"20":{"name":"(anonymous_20)","decl":{"start":{"line":118,"column":26},"end":{"line":118,"column":null}},"loc":{"start":{"line":119,"column":17},"end":{"line":119,"column":null}},"line":119},"21":{"name":"(anonymous_21)","decl":{"start":{"line":140,"column":21},"end":{"line":140,"column":35}},"loc":{"start":{"line":140,"column":35},"end":{"line":140,"column":62}},"line":140}},"branchMap":{"0":{"loc":{"start":{"line":7,"column":2},"end":{"line":7,"column":null}},"type":"if","locations":[{"start":{"line":7,"column":2},"end":{"line":7,"column":null}},{"start":{},"end":{}}],"line":7},"1":{"loc":{"start":{"line":7,"column":6},"end":{"line":7,"column":36}},"type":"binary-expr","locations":[{"start":{"line":7,"column":6},"end":{"line":7,"column":16}},{"start":{"line":7,"column":16},"end":{"line":7,"column":36}}],"line":7},"2":{"loc":{"start":{"line":15,"column":2},"end":{"line":21,"column":null}},"type":"if","locations":[{"start":{"line":15,"column":2},"end":{"line":21,"column":null}},{"start":{"line":18,"column":9},"end":{"line":21,"column":null}}],"line":15},"3":{"loc":{"start":{"line":18,"column":9},"end":{"line":21,"column":null}},"type":"if","locations":[{"start":{"line":18,"column":9},"end":{"line":21,"column":null}},{"start":{},"end":{}}],"line":18},"4":{"loc":{"start":{"line":24,"column":2},"end":{"line":33,"column":null}},"type":"if","locations":[{"start":{"line":24,"column":2},"end":{"line":33,"column":null}},{"start":{},"end":{}}],"line":24},"5":{"loc":{"start":{"line":60,"column":6},"end":{"line":60,"column":null}},"type":"if","locations":[{"start":{"line":60,"column":6},"end":{"line":60,"column":null}},{"start":{},"end":{}}],"line":60},"6":{"loc":{"start":{"line":67,"column":6},"end":{"line":89,"column":null}},"type":"if","locations":[{"start":{"line":67,"column":6},"end":{"line":89,"column":null}},{"start":{"line":87,"column":13},"end":{"line":89,"column":null}}],"line":67},"7":{"loc":{"start":{"line":72,"column":12},"end":{"line":74,"column":null}},"type":"if","locations":[{"start":{"line":72,"column":12},"end":{"line":74,"column":null}},{"start":{},"end":{}}],"line":72},"8":{"loc":{"start":{"line":72,"column":16},"end":{"line":72,"column":45}},"type":"binary-expr","locations":[{"start":{"line":72,"column":16},"end":{"line":72,"column":24}},{"start":{"line":72,"column":24},"end":{"line":72,"column":45}}],"line":72},"9":{"loc":{"start":{"line":95,"column":6},"end":{"line":95,"column":null}},"type":"if","locations":[{"start":{"line":95,"column":6},"end":{"line":95,"column":null}},{"start":{},"end":{}}],"line":95},"10":{"loc":{"start":{"line":96,"column":6},"end":{"line":96,"column":null}},"type":"if","locations":[{"start":{"line":96,"column":6},"end":{"line":96,"column":null}},{"start":{},"end":{}}],"line":96},"11":{"loc":{"start":{"line":104,"column":8},"end":{"line":106,"column":null}},"type":"cond-expr","locations":[{"start":{"line":105,"column":12},"end":{"line":105,"column":null}},{"start":{"line":106,"column":12},"end":{"line":106,"column":null}}],"line":104},"12":{"loc":{"start":{"line":115,"column":47},"end":{"line":115,"column":77}},"type":"default-arg","locations":[{"start":{"line":115,"column":59},"end":{"line":115,"column":77}}],"line":115},"13":{"loc":{"start":{"line":119,"column":17},"end":{"line":119,"column":null}},"type":"binary-expr","locations":[{"start":{"line":119,"column":17},"end":{"line":119,"column":42}},{"start":{"line":119,"column":42},"end":{"line":119,"column":76}},{"start":{"line":119,"column":76},"end":{"line":119,"column":null}}],"line":119},"14":{"loc":{"start":{"line":121,"column":6},"end":{"line":121,"column":null}},"type":"if","locations":[{"start":{"line":121,"column":6},"end":{"line":121,"column":null}},{"start":{},"end":{}}],"line":121}},"s":{"0":4,"1":4,"2":6,"3":2,"4":4,"5":36,"6":4,"7":4,"8":4,"9":20,"10":4,"11":4,"12":4,"13":1,"14":1,"15":3,"16":3,"17":3,"18":4,"19":2,"20":2,"21":4,"22":4,"23":1,"24":4,"25":4,"26":4,"27":4,"28":4,"29":4,"30":1,"31":0,"32":0,"33":0,"34":0,"35":1,"36":1,"37":1,"38":1,"39":0,"40":0,"41":0,"42":0,"43":0,"44":1,"45":0,"46":1,"47":0,"48":0,"49":0,"50":1,"51":0,"52":0,"53":0,"54":0,"55":4,"56":1,"57":1,"58":1,"59":4,"60":1,"61":1,"62":1,"63":4,"64":1,"65":1,"66":0,"67":1,"68":0,"69":1,"70":4,"71":1,"72":4,"73":4},"f":{"0":6,"1":36,"2":20,"3":1,"4":4,"5":1,"6":0,"7":0,"8":0,"9":0,"10":0,"11":0,"12":1,"13":1,"14":1,"15":1,"16":1,"17":1,"18":1,"19":1,"20":0,"21":1},"b":{"0":[2,4],"1":[6,5],"2":[1,3],"3":[3,0],"4":[2,2],"5":[0,0],"6":[1,0],"7":[0,0],"8":[0,0],"9":[0,0],"10":[0,0],"11":[1,0],"12":[1],"13":[0,0,0],"14":[0,1]},"meta":{"lastBranch":15,"lastFunction":22,"lastStatement":74,"seen":{"s:4:30:4:44":0,"s:6:13:43:Infinity":1,"f:6:13:6:35":0,"b:7:2:7:Infinity:undefined:undefined:undefined:undefined":0,"s:7:2:7:Infinity":2,"b:7:6:7:16:7:16:7:36":1,"s:7:36:7:Infinity":3,"s:8:17:8:Infinity":4,"f:8:28:8:34":1,"s:8:43:8:68":5,"s:9:19:9:Infinity":6,"s:10:21:10:Infinity":7,"s:12:29:12:Infinity":8,"f:12:35:12:43":2,"s:12:49:12:65":9,"s:13:22:13:Infinity":10,"s:14:18:14:Infinity":11,"b:15:2:21:Infinity:18:9:21:Infinity":2,"s:15:2:21:Infinity":12,"s:16:4:16:Infinity":13,"s:17:4:17:Infinity":14,"b:18:9:21:Infinity:undefined:undefined:undefined:undefined":3,"s:18:9:21:Infinity":15,"s:19:4:19:Infinity":16,"s:20:4:20:Infinity":17,"b:24:2:33:Infinity:undefined:undefined:undefined:undefined":4,"s:24:2:33:Infinity":18,"s:25:4:32:Infinity":19,"s:35:2:42:Infinity":20,"s:45:22:45:Infinity":21,"s:46:6:46:Infinity":22,"f:46:6:46:33":3,"s:46:33:46:Infinity":23,"s:48:13:156:Infinity":24,"f:48:13:48:32":4,"s:49:28:49:Infinity":25,"s:50:36:50:Infinity":26,"s:51:48:51:Infinity":27,"s:52:22:52:Infinity":28,"s:55:2:98:Infinity":29,"f:55:2:55:18":5,"s:59:10:64:Infinity":30,"f:59:10:59:32":6,"b:60:6:60:Infinity:undefined:undefined:undefined:undefined":5,"s:60:6:60:Infinity":31,"s:60:28:60:Infinity":32,"s:61:6:63:Infinity":33,"f:61:25:61:43":7,"s:62:8:62:Infinity":34,"s:66:4:92:Infinity":35,"b:67:6:89:Infinity:87:13:89:Infinity":6,"s:67:6:89:Infinity":36,"s:68:8:68:Infinity":37,"s:69:8:78:Infinity":38,"f:69:11:69:24":8,"s:70:10:77:Infinity":39,"s:71:25:71:Infinity":40,"b:72:12:74:Infinity:undefined:undefined:undefined:undefined":7,"s:72:12:74:Infinity":41,"b:72:16:72:24:72:24:72:45":8,"s:73:14:73:Infinity":42,"s:76:12:76:Infinity":43,"s:80:8:82:Infinity":44,"f:80:11:80:27":9,"s:81:10:81:Infinity":45,"s:84:8:86:Infinity":46,"f:84:11:84:27":10,"s:85:10:85:Infinity":47,"s:88:8:88:Infinity":48,"s:91:6:91:Infinity":49,"s:94:4:97:Infinity":50,"f:94:4:94:17":11,"b:95:6:95:Infinity:undefined:undefined:undefined:undefined":9,"s:95:6:95:Infinity":51,"s:95:14:95:Infinity":52,"b:96:6:96:Infinity:undefined:undefined:undefined:undefined":10,"s:96:6:96:Infinity":53,"s:96:28:96:Infinity":54,"s:101:30:109:Infinity":55,"f:101:30:101:43":12,"s:102:4:108:Infinity":56,"f:102:4:102:18":13,"s:103:6:107:Infinity":57,"f:103:11:103:16":14,"s:104:8:106:Infinity":58,"b:105:12:105:Infinity:106:12:106:Infinity":11,"s:111:26:113:Infinity":59,"f:111:26:111:39":15,"s:112:4:112:Infinity":60,"f:112:4:112:18":16,"s:112:27:112:70":61,"f:112:32:112:40":17,"s:112:48:112:69":62,"s:115:24:138:Infinity":63,"f:115:24:115:37":18,"b:115:59:115:77":12,"s:116:4:137:Infinity":64,"f:116:4:116:18":19,"s:118:21:120:Infinity":65,"f:118:26:118:Infinity":20,"s:119:17:119:Infinity":66,"b:119:17:119:42:119:42:119:76:119:76:119:Infinity":13,"b:121:6:121:Infinity:undefined:undefined:undefined:undefined":14,"s:121:6:121:Infinity":67,"s:121:18:121:Infinity":68,"s:123:6:136:Infinity":69,"s:140:21:140:Infinity":70,"f:140:21:140:35":21,"s:140:35:140:62":71,"s:142:16:153:Infinity":72,"s:155:2:155:Infinity":73},"fnNames":{}}}
,"C:\\Users\\admin\\Desktop\\StadiumPulse\\src\\data\\mockDataEngine.js": {"path":"C:\\Users\\admin\\Desktop\\StadiumPulse\\src\\data\\mockDataEngine.js","statementMap":{"0":{"start":{"line":2,"column":25},"end":{"line":15,"column":1}},"1":{"start":{"line":17,"column":29},"end":{"line":30,"column":1}},"2":{"start":{"line":32,"column":32},"end":{"line":41,"column":1}},"3":{"start":{"line":33,"column":2},"end":{"line":40,"column":null}},"4":{"start":{"line":34,"column":26},"end":{"line":34,"column":77}},"5":{"start":{"line":35,"column":21},"end":{"line":35,"column":56}},"6":{"start":{"line":36,"column":22},"end":{"line":36,"column":73}},"7":{"start":{"line":37,"column":22},"end":{"line":37,"column":80}},"8":{"start":{"line":38,"column":22},"end":{"line":38,"column":58}},"9":{"start":{"line":39,"column":4},"end":{"line":39,"column":null}},"10":{"start":{"line":43,"column":26},"end":{"line":80,"column":1}}},"fnMap":{"0":{"name":"(anonymous_0)","decl":{"start":{"line":32,"column":32},"end":{"line":32,"column":33}},"loc":{"start":{"line":32,"column":38},"end":{"line":41,"column":1}},"line":32},"1":{"name":"(anonymous_1)","decl":{"start":{"line":33,"column":23},"end":{"line":33,"column":24}},"loc":{"start":{"line":33,"column":36},"end":{"line":40,"column":3}},"line":33}},"branchMap":{},"s":{"0":5,"1":5,"2":5,"3":7,"4":84,"5":84,"6":84,"7":84,"8":84,"9":84,"10":5},"f":{"0":7,"1":84},"b":{},"meta":{"lastBranch":0,"lastFunction":2,"lastStatement":11,"seen":{"s:2:25:15:1":0,"s:17:29:30:1":1,"s:32:32:41:1":2,"f:32:32:32:33":0,"s:33:2:40:Infinity":3,"f:33:23:33:24":1,"s:34:26:34:77":4,"s:35:21:35:56":5,"s:36:22:36:73":6,"s:37:22:37:80":7,"s:38:22:38:58":8,"s:39:4:39:Infinity":9,"s:43:26:80:1":10},"fnNames":{}}}
}
