{"C:\\Users\\admin\\Desktop\\StadiumPulse\\src\\components\\IncidentItem.jsx": {"path":"C:\\Users\\admin\\Desktop\\StadiumPulse\\src\\components\\IncidentItem.jsx","statementMap":{"0":{"start":{"line":3,"column":13},"end":{"line":90,"column":null}},"1":{"start":{"line":4,"column":25},"end":{"line":7,"column":null}},"2":{"start":{"line":9,"column":24},"end":{"line":20,"column":null}},"3":{"start":{"line":22,"column":8},"end":{"line":28,"column":null}},"4":{"start":{"line":23,"column":17},"end":{"line":23,"column":null}},"5":{"start":{"line":24,"column":17},"end":{"line":24,"column":null}},"6":{"start":{"line":25,"column":17},"end":{"line":25,"column":null}},"7":{"start":{"line":26,"column":4},"end":{"line":26,"column":null}},"8":{"start":{"line":26,"column":18},"end":{"line":26,"column":null}},"9":{"start":{"line":27,"column":4},"end":{"line":27,"column":null}},"10":{"start":{"line":30,"column":2},"end":{"line":88,"column":null}},"11":{"start":{"line":68,"column":27},"end":{"line":68,"column":null}},"12":{"start":{"line":76,"column":25},"end":{"line":76,"column":null}}},"fnMap":{"0":{"name":"(anonymous_0)","decl":{"start":{"line":3,"column":13},"end":{"line":3,"column":29}},"loc":{"start":{"line":3,"column":72},"end":{"line":90,"column":null}},"line":3},"1":{"name":"(anonymous_1)","decl":{"start":{"line":22,"column":8},"end":{"line":22,"column":19}},"loc":{"start":{"line":22,"column":33},"end":{"line":28,"column":null}},"line":22},"2":{"name":"(anonymous_2)","decl":{"start":{"line":68,"column":12},"end":{"line":68,"column":27}},"loc":{"start":{"line":68,"column":27},"end":{"line":68,"column":null}},"line":68},"3":{"name":"(anonymous_3)","decl":{"start":{"line":76,"column":10},"end":{"line":76,"column":25}},"loc":{"start":{"line":76,"column":25},"end":{"line":76,"column":null}},"line":76}},"branchMap":{"0":{"loc":{"start":{"line":26,"column":4},"end":{"line":26,"column":null}},"type":"if","locations":[{"start":{"line":26,"column":4},"end":{"line":26,"column":null}},{"start":{},"end":{}}],"line":26},"1":{"loc":{"start":{"line":31,"column":136},"end":{"line":31,"column":null}},"type":"cond-expr","locations":[{"start":{"line":31,"column":160},"end":{"line":31,"column":175}},{"start":{"line":31,"column":175},"end":{"line":31,"column":null}}],"line":31},"2":{"loc":{"start":{"line":44,"column":14},"end":{"line":46,"column":null}},"type":"cond-expr","locations":[{"start":{"line":45,"column":18},"end":{"line":45,"column":null}},{"start":{"line":46,"column":18},"end":{"line":46,"column":null}}],"line":44},"3":{"loc":{"start":{"line":66,"column":9},"end":{"line":75,"column":9}},"type":"binary-expr","locations":[{"start":{"line":66,"column":9},"end":{"line":66,"column":null}},{"start":{"line":67,"column":10},"end":{"line":75,"column":9}}],"line":66},"4":{"loc":{"start":{"line":77,"column":25},"end":{"line":77,"column":71}},"type":"cond-expr","locations":[{"start":{"line":77,"column":49},"end":{"line":77,"column":61}},{"start":{"line":77,"column":61},"end":{"line":77,"column":71}}],"line":77},"5":{"loc":{"start":{"line":80,"column":11},"end":{"line":80,"column":null}},"type":"cond-expr","locations":[{"start":{"line":80,"column":35},"end":{"line":80,"column":47}},{"start":{"line":80,"column":47},"end":{"line":80,"column":null}}],"line":80},"6":{"loc":{"start":{"line":85,"column":7},"end":{"line":86,"column":null}},"type":"binary-expr","locations":[{"start":{"line":85,"column":7},"end":{"line":85,"column":33}},{"start":{"line":85,"column":33},"end":{"line":85,"column":null}},{"start":{"line":86,"column":8},"end":{"line":86,"column":null}}],"line":85}},"s":{"0":1,"1":1,"2":1,"3":1,"4":1,"5":1,"6":1,"7":1,"8":0,"9":1,"10":1,"11":0,"12":0},"f":{"0":1,"1":1,"2":0,"3":0},"b":{"0":[0,1],"1":[0,1],"2":[1,0],"3":[1,1],"4":[0,1],"5":[0,1],"6":[1,1,1]},"meta":{"lastBranch":7,"lastFunction":4,"lastStatement":13,"seen":{"s:3:13:90:Infinity":0,"f:3:13:3:29":0,"s:4:25:7:Infinity":1,"s:9:24:20:Infinity":2,"s:22:8:28:Infinity":3,"f:22:8:22:19":1,"s:23:17:23:Infinity":4,"s:24:17:24:Infinity":5,"s:25:17:25:Infinity":6,"b:26:4:26:Infinity:undefined:undefined:undefined:undefined":0,"s:26:4:26:Infinity":7,"s:26:18:26:Infinity":8,"s:27:4:27:Infinity":9,"s:30:2:88:Infinity":10,"b:31:160:31:175:31:175:31:Infinity":1,"b:45:18:45:Infinity:46:18:46:Infinity":2,"b:66:9:66:Infinity:67:10:75:9":3,"f:68:12:68:27":2,"s:68:27:68:Infinity":11,"f:76:10:76:25":3,"s:76:25:76:Infinity":12,"b:77:49:77:61:77:61:77:71":4,"b:80:35:80:47:80:47:80:Infinity":5,"b:85:7:85:33:85:33:85:Infinity:86:8:86:Infinity":6},"fnNames":{}}}
,"C:\\Users\\admin\\Desktop\\StadiumPulse\\src\\context\\StadiumContext.jsx": {"path":"C:\\Users\\admin\\Desktop\\StadiumPulse\\src\\context\\StadiumContext.jsx","statementMap":{"0":{"start":{"line":4,"column":30},"end":{"line":4,"column":44}},"1":{"start":{"line":6,"column":13},"end":{"line":31,"column":null}},"2":{"start":{"line":7,"column":2},"end":{"line":7,"column":null}},"3":{"start":{"line":7,"column":36},"end":{"line":7,"column":null}},"4":{"start":{"line":8,"column":17},"end":{"line":8,"column":null}},"5":{"start":{"line":8,"column":43},"end":{"line":8,"column":68}},"6":{"start":{"line":9,"column":19},"end":{"line":9,"column":null}},"7":{"start":{"line":10,"column":21},"end":{"line":10,"column":null}},"8":{"start":{"line":12,"column":29},"end":{"line":12,"column":null}},"9":{"start":{"line":12,"column":47},"end":{"line":12,"column":63}},"10":{"start":{"line":13,"column":22},"end":{"line":13,"column":null}},"11":{"start":{"line":14,"column":18},"end":{"line":14,"column":null}},"12":{"start":{"line":15,"column":2},"end":{"line":21,"column":null}},"13":{"start":{"line":16,"column":4},"end":{"line":16,"column":null}},"14":{"start":{"line":17,"column":4},"end":{"line":17,"column":null}},"15":{"start":{"line":18,"column":9},"end":{"line":21,"column":null}},"16":{"start":{"line":19,"column":4},"end":{"line":19,"column":null}},"17":{"start":{"line":20,"column":4},"end":{"line":20,"column":null}},"18":{"start":{"line":23,"column":2},"end":{"line":30,"column":null}},"19":{"start":{"line":33,"column":22},"end":{"line":33,"column":null}},"20":{"start":{"line":34,"column":6},"end":{"line":34,"column":null}},"21":{"start":{"line":34,"column":33},"end":{"line":34,"column":null}},"22":{"start":{"line":36,"column":13},"end":{"line":100,"column":null}},"23":{"start":{"line":37,"column":28},"end":{"line":37,"column":null}},"24":{"start":{"line":38,"column":36},"end":{"line":38,"column":null}},"25":{"start":{"line":39,"column":48},"end":{"line":39,"column":null}},"26":{"start":{"line":40,"column":22},"end":{"line":40,"column":null}},"27":{"start":{"line":43,"column":2},"end":{"line":48,"column":null}},"28":{"start":{"line":44,"column":21},"end":{"line":46,"column":null}},"29":{"start":{"line":45,"column":6},"end":{"line":45,"column":null}},"30":{"start":{"line":47,"column":4},"end":{"line":47,"column":null}},"31":{"start":{"line":47,"column":17},"end":{"line":47,"column":null}},"32":{"start":{"line":51,"column":30},"end":{"line":55,"column":null}},"33":{"start":{"line":52,"column":4},"end":{"line":54,"column":null}},"34":{"start":{"line":52,"column":25},"end":{"line":54,"column":5}},"35":{"start":{"line":53,"column":6},"end":{"line":53,"column":null}},"36":{"start":{"line":57,"column":26},"end":{"line":59,"column":null}},"37":{"start":{"line":58,"column":4},"end":{"line":58,"column":null}},"38":{"start":{"line":58,"column":25},"end":{"line":58,"column":66}},"39":{"start":{"line":58,"column":44},"end":{"line":58,"column":65}},"40":{"start":{"line":61,"column":24},"end":{"line":82,"column":null}},"41":{"start":{"line":62,"column":4},"end":{"line":81,"column":null}},"42":{"start":{"line":64,"column":21},"end":{"line":64,"column":null}},"43":{"start":{"line":64,"column":38},"end":{"line":64,"column":110}},"44":{"start":{"line":65,"column":6},"end":{"line":65,"column":null}},"45":{"start":{"line":65,"column":18},"end":{"line":65,"column":null}},"46":{"start":{"line":67,"column":6},"end":{"line":80,"column":null}},"47":{"start":{"line":84,"column":21},"end":{"line":84,"column":null}},"48":{"start":{"line":84,"column":35},"end":{"line":84,"column":62}},"49":{"start":{"line":86,"column":16},"end":{"line":97,"column":null}},"50":{"start":{"line":99,"column":2},"end":{"line":99,"column":null}}},"fnMap":{"0":{"name":"(anonymous_0)","decl":{"start":{"line":6,"column":13},"end":{"line":6,"column":35}},"loc":{"start":{"line":6,"column":45},"end":{"line":31,"column":null}},"line":6},"1":{"name":"(anonymous_1)","decl":{"start":{"line":8,"column":28},"end":{"line":8,"column":34}},"loc":{"start":{"line":8,"column":43},"end":{"line":8,"column":68}},"line":8},"2":{"name":"(anonymous_2)","decl":{"start":{"line":12,"column":35},"end":{"line":12,"column":42}},"loc":{"start":{"line":12,"column":47},"end":{"line":12,"column":63}},"line":12},"3":{"name":"(anonymous_3)","decl":{"start":{"line":34,"column":6},"end":{"line":34,"column":33}},"loc":{"start":{"line":34,"column":33},"end":{"line":34,"column":null}},"line":34},"4":{"name":"(anonymous_4)","decl":{"start":{"line":36,"column":13},"end":{"line":36,"column":32}},"loc":{"start":{"line":36,"column":49},"end":{"line":100,"column":null}},"line":36},"5":{"name":"(anonymous_5)","decl":{"start":{"line":43,"column":2},"end":{"line":43,"column":18}},"loc":{"start":{"line":43,"column":18},"end":{"line":48,"column":5}},"line":43},"6":{"name":"(anonymous_6)","decl":{"start":{"line":44,"column":21},"end":{"line":44,"column":39}},"loc":{"start":{"line":44,"column":39},"end":{"line":46,"column":7}},"line":44},"7":{"name":"(anonymous_7)","decl":{"start":{"line":47,"column":4},"end":{"line":47,"column":17}},"loc":{"start":{"line":47,"column":17},"end":{"line":47,"column":null}},"line":47},"8":{"name":"(anonymous_8)","decl":{"start":{"line":51,"column":30},"end":{"line":51,"column":43}},"loc":{"start":{"line":51,"column":58},"end":{"line":55,"column":5}},"line":51},"9":{"name":"(anonymous_9)","decl":{"start":{"line":52,"column":4},"end":{"line":52,"column":17}},"loc":{"start":{"line":52,"column":25},"end":{"line":54,"column":5}},"line":52},"10":{"name":"(anonymous_10)","decl":{"start":{"line":52,"column":30},"end":{"line":52,"column":34}},"loc":{"start":{"line":53,"column":6},"end":{"line":53,"column":null}},"line":53},"11":{"name":"(anonymous_11)","decl":{"start":{"line":57,"column":26},"end":{"line":57,"column":39}},"loc":{"start":{"line":57,"column":54},"end":{"line":59,"column":5}},"line":57},"12":{"name":"(anonymous_12)","decl":{"start":{"line":58,"column":4},"end":{"line":58,"column":17}},"loc":{"start":{"line":58,"column":25},"end":{"line":58,"column":66}},"line":58},"13":{"name":"(anonymous_13)","decl":{"start":{"line":58,"column":30},"end":{"line":58,"column":37}},"loc":{"start":{"line":58,"column":44},"end":{"line":58,"column":65}},"line":58},"14":{"name":"(anonymous_14)","decl":{"start":{"line":61,"column":24},"end":{"line":61,"column":37}},"loc":{"start":{"line":61,"column":77},"end":{"line":82,"column":5}},"line":61},"15":{"name":"(anonymous_15)","decl":{"start":{"line":62,"column":4},"end":{"line":62,"column":17}},"loc":{"start":{"line":62,"column":25},"end":{"line":81,"column":5}},"line":62},"16":{"name":"(anonymous_16)","decl":{"start":{"line":64,"column":26},"end":{"line":64,"column":31}},"loc":{"start":{"line":64,"column":38},"end":{"line":64,"column":110}},"line":64},"17":{"name":"(anonymous_17)","decl":{"start":{"line":84,"column":21},"end":{"line":84,"column":35}},"loc":{"start":{"line":84,"column":35},"end":{"line":84,"column":62}},"line":84}},"branchMap":{"0":{"loc":{"start":{"line":7,"column":2},"end":{"line":7,"column":null}},"type":"if","locations":[{"start":{"line":7,"column":2},"end":{"line":7,"column":null}},{"start":{},"end":{}}],"line":7},"1":{"loc":{"start":{"line":7,"column":6},"end":{"line":7,"column":36}},"type":"binary-expr","locations":[{"start":{"line":7,"column":6},"end":{"line":7,"column":16}},{"start":{"line":7,"column":16},"end":{"line":7,"column":36}}],"line":7},"2":{"loc":{"start":{"line":15,"column":2},"end":{"line":21,"column":null}},"type":"if","locations":[{"start":{"line":15,"column":2},"end":{"line":21,"column":null}},{"start":{"line":18,"column":9},"end":{"line":21,"column":null}}],"line":15},"3":{"loc":{"start":{"line":18,"column":9},"end":{"line":21,"column":null}},"type":"if","locations":[{"start":{"line":18,"column":9},"end":{"line":21,"column":null}},{"start":{},"end":{}}],"line":18},"4":{"loc":{"start":{"line":53,"column":6},"end":{"line":53,"column":null}},"type":"cond-expr","locations":[{"start":{"line":53,"column":30},"end":{"line":53,"column":105}},{"start":{"line":53,"column":105},"end":{"line":53,"column":null}}],"line":53},"5":{"loc":{"start":{"line":61,"column":47},"end":{"line":61,"column":77}},"type":"default-arg","locations":[{"start":{"line":61,"column":59},"end":{"line":61,"column":77}}],"line":61},"6":{"loc":{"start":{"line":64,"column":38},"end":{"line":64,"column":110}},"type":"binary-expr","locations":[{"start":{"line":64,"column":38},"end":{"line":64,"column":63}},{"start":{"line":64,"column":63},"end":{"line":64,"column":97}},{"start":{"line":64,"column":97},"end":{"line":64,"column":110}}],"line":64},"7":{"loc":{"start":{"line":65,"column":6},"end":{"line":65,"column":null}},"type":"if","locations":[{"start":{"line":65,"column":6},"end":{"line":65,"column":null}},{"start":{},"end":{}}],"line":65}},"s":{"0":1,"1":1,"2":4,"3":2,"4":2,"5":5,"6":2,"7":2,"8":2,"9":6,"10":2,"11":2,"12":2,"13":1,"14":1,"15":1,"16":1,"17":1,"18":2,"19":1,"20":1,"21":0,"22":1,"23":0,"24":0,"25":0,"26":0,"27":0,"28":0,"29":0,"30":0,"31":0,"32":0,"33":0,"34":0,"35":0,"36":0,"37":0,"38":0,"39":0,"40":0,"41":0,"42":0,"43":0,"44":0,"45":0,"46":0,"47":0,"48":0,"49":0,"50":0},"f":{"0":4,"1":5,"2":6,"3":0,"4":0,"5":0,"6":0,"7":0,"8":0,"9":0,"10":0,"11":0,"12":0,"13":0,"14":0,"15":0,"16":0,"17":0},"b":{"0":[2,2],"1":[4,3],"2":[1,1],"3":[1,0],"4":[0,0],"5":[0],"6":[0,0,0],"7":[0,0]},"meta":{"lastBranch":8,"lastFunction":18,"lastStatement":51,"seen":{"s:4:30:4:44":0,"s:6:13:31:Infinity":1,"f:6:13:6:35":0,"b:7:2:7:Infinity:undefined:undefined:undefined:undefined":0,"s:7:2:7:Infinity":2,"b:7:6:7:16:7:16:7:36":1,"s:7:36:7:Infinity":3,"s:8:17:8:Infinity":4,"f:8:28:8:34":1,"s:8:43:8:68":5,"s:9:19:9:Infinity":6,"s:10:21:10:Infinity":7,"s:12:29:12:Infinity":8,"f:12:35:12:42":2,"s:12:47:12:63":9,"s:13:22:13:Infinity":10,"s:14:18:14:Infinity":11,"b:15:2:21:Infinity:18:9:21:Infinity":2,"s:15:2:21:Infinity":12,"s:16:4:16:Infinity":13,"s:17:4:17:Infinity":14,"b:18:9:21:Infinity:undefined:undefined:undefined:undefined":3,"s:18:9:21:Infinity":15,"s:19:4:19:Infinity":16,"s:20:4:20:Infinity":17,"s:23:2:30:Infinity":18,"s:33:22:33:Infinity":19,"s:34:6:34:Infinity":20,"f:34:6:34:33":3,"s:34:33:34:Infinity":21,"s:36:13:100:Infinity":22,"f:36:13:36:32":4,"s:37:28:37:Infinity":23,"s:38:36:38:Infinity":24,"s:39:48:39:Infinity":25,"s:40:22:40:Infinity":26,"s:43:2:48:Infinity":27,"f:43:2:43:18":5,"s:44:21:46:Infinity":28,"f:44:21:44:39":6,"s:45:6:45:Infinity":29,"s:47:4:47:Infinity":30,"f:47:4:47:17":7,"s:47:17:47:Infinity":31,"s:51:30:55:Infinity":32,"f:51:30:51:43":8,"s:52:4:54:Infinity":33,"f:52:4:52:17":9,"s:52:25:54:5":34,"f:52:30:52:34":10,"s:53:6:53:Infinity":35,"b:53:30:53:105:53:105:53:Infinity":4,"s:57:26:59:Infinity":36,"f:57:26:57:39":11,"s:58:4:58:Infinity":37,"f:58:4:58:17":12,"s:58:25:58:66":38,"f:58:30:58:37":13,"s:58:44:58:65":39,"s:61:24:82:Infinity":40,"f:61:24:61:37":14,"b:61:59:61:77":5,"s:62:4:81:Infinity":41,"f:62:4:62:17":15,"s:64:21:64:Infinity":42,"f:64:26:64:31":16,"s:64:38:64:110":43,"b:64:38:64:63:64:63:64:97:64:97:64:110":6,"b:65:6:65:Infinity:undefined:undefined:undefined:undefined":7,"s:65:6:65:Infinity":44,"s:65:18:65:Infinity":45,"s:67:6:80:Infinity":46,"s:84:21:84:Infinity":47,"f:84:21:84:35":17,"s:84:35:84:62":48,"s:86:16:97:Infinity":49,"s:99:2:99:Infinity":50},"fnNames":{}}}
,"C:\\Users\\admin\\Desktop\\StadiumPulse\\src\\data\\mockDataEngine.js": {"path":"C:\\Users\\admin\\Desktop\\StadiumPulse\\src\\data\\mockDataEngine.js","statementMap":{"0":{"start":{"line":2,"column":25},"end":{"line":6,"column":1}},"1":{"start":{"line":8,"column":29},"end":{"line":21,"column":1}},"2":{"start":{"line":23,"column":32},"end":{"line":32,"column":1}},"3":{"start":{"line":24,"column":2},"end":{"line":31,"column":null}},"4":{"start":{"line":25,"column":26},"end":{"line":25,"column":77}},"5":{"start":{"line":26,"column":21},"end":{"line":26,"column":56}},"6":{"start":{"line":27,"column":22},"end":{"line":27,"column":73}},"7":{"start":{"line":28,"column":22},"end":{"line":28,"column":80}},"8":{"start":{"line":29,"column":22},"end":{"line":29,"column":58}},"9":{"start":{"line":30,"column":4},"end":{"line":30,"column":null}},"10":{"start":{"line":34,"column":26},"end":{"line":41,"column":1}}},"fnMap":{"0":{"name":"(anonymous_0)","decl":{"start":{"line":23,"column":32},"end":{"line":23,"column":33}},"loc":{"start":{"line":23,"column":38},"end":{"line":32,"column":1}},"line":23},"1":{"name":"(anonymous_1)","decl":{"start":{"line":24,"column":23},"end":{"line":24,"column":24}},"loc":{"start":{"line":24,"column":36},"end":{"line":31,"column":3}},"line":24}},"branchMap":{},"s":{"0":2,"1":2,"2":2,"3":3,"4":36,"5":36,"6":36,"7":36,"8":36,"9":36,"10":2},"f":{"0":3,"1":36},"b":{},"meta":{"lastBranch":0,"lastFunction":2,"lastStatement":11,"seen":{"s:2:25:6:1":0,"s:8:29:21:1":1,"s:23:32:32:1":2,"f:23:32:23:33":0,"s:24:2:31:Infinity":3,"f:24:23:24:24":1,"s:25:26:25:77":4,"s:26:21:26:56":5,"s:27:22:27:73":6,"s:28:22:28:80":7,"s:29:22:29:58":8,"s:30:4:30:Infinity":9,"s:34:26:41:1":10},"fnNames":{}}}
}
